
> physique-os-app@0.1.0 dev
> next dev --hostname 0.0.0.0

▲ Next.js 16.2.9 (Turbopack)
- Local:         http://localhost:3000
- Network:       http://0.0.0.0:3000
- Environments: .env.local
✓ Ready in 344ms
Creating turbopack project {
  dir: 'C:\\Users\\dusti\\Documents\\GitHub\\physiqueos',
  testMode: true
}

 GET /lab 200 in 440ms (next.js: 305ms, application-code: 134ms)
 GET /lab 200 in 38ms (next.js: 3ms, application-code: 35ms)
 GET /lab 200 in 42ms (next.js: 3ms, application-code: 39ms)
 GET /lab 200 in 37ms (next.js: 3ms, application-code: 35ms)
 GET /lab 200 in 44ms (next.js: 3ms, application-code: 41ms)
 POST /api/lab/photo-interpretation 200 in 10.9s (next.js: 42ms, application-code: 10.9s)
 POST /api/lab/photo-interpretation 200 in 12.7s (next.js: 3ms, application-code: 12.7s)
 GET /lab 200 in 95ms (next.js: 42ms, application-code: 52ms)
 GET /lab 200 in 23ms (next.js: 7ms, application-code: 17ms)
✓ Compiled in 48ms
 GET /lab 200 in 75ms (next.js: 48ms, application-code: 27ms)
✓ Compiled in 50ms
 GET /lab 200 in 90ms (next.js: 58ms, application-code: 31ms)
 GET /lab 200 in 71ms (next.js: 3ms, application-code: 68ms)
 GET /lab 200 in 41ms (next.js: 3ms, application-code: 38ms)
 POST /api/lab/photo-interpretation 200 in 8.4s (next.js: 25ms, application-code: 8.3s)
 POST /api/lab/photo-interpretation 200 in 10.8s (next.js: 2ms, application-code: 10.8s)
 GET / 200 in 404ms (next.js: 66ms, application-code: 337ms)
 GET /lab 200 in 45ms (next.js: 4ms, application-code: 42ms)
 GET / 200 in 61ms (next.js: 5ms, application-code: 56ms)
 GET /briefing/daily 200 in 90ms (next.js: 51ms, application-code: 39ms)
 GET / 200 in 26ms (next.js: 4ms, application-code: 22ms)
 GET /briefing/daily 200 in 29ms (next.js: 4ms, application-code: 26ms)
 GET / 200 in 59ms (next.js: 3ms, application-code: 56ms)
 GET / 200 in 26ms (next.js: 4ms, application-code: 22ms)
 GET /briefing/daily 200 in 33ms (next.js: 3ms, application-code: 30ms)
